<?xml version="1.0" encoding="UTF-8"?>
<!-- Generated by org.testng.reporters.JUnitReportReporter -->
<testsuite hostname="DESKTOP-FITTAHH" failures="0" tests="2" name="com.proj.qa.testcases.ContactsPageTest" time="18.438" errors="0" timestamp="2025-04-03T14:45:21 IST" skipped="0">
  <testcase classname="com.proj.qa.testcases.ContactsPageTest" name="createNewContactTest" time="9.074"/>
  <testcase classname="com.proj.qa.testcases.ContactsPageTest" name="createNewContactTest" time="9.364"/>
</testsuite> <!-- com.proj.qa.testcases.ContactsPageTest -->
