<?xml version="1.0" encoding="UTF-8"?>
<!-- Generated by org.testng.reporters.JUnitReportReporter -->
<testsuite hostname="DESKTOP-FITTAHH" failures="0" tests="3" name="com.proj.qa.testcases.HomePageTest" time="21.435" errors="0" timestamp="2025-04-02T23:40:18 IST" skipped="0">
  <testcase classname="com.proj.qa.testcases.HomePageTest" name="verifyHomePageTitleTest" time="4.428"/>
  <testcase classname="com.proj.qa.testcases.HomePageTest" name="verifyUserNameLabelTest" time="6.445"/>
  <testcase classname="com.proj.qa.testcases.HomePageTest" name="contactPageAccessTest" time="10.562"/>
</testsuite> <!-- com.proj.qa.testcases.HomePageTest -->
