<?xml version="1.0" encoding="UTF-8"?>
<!-- Generated by org.testng.reporters.JUnitReportReporter -->
<testsuite hostname="DESKTOP-FITTAHH" failures="0" tests="2" name="com.proj.qa.testcases.LoginPageTest" time="9.685" errors="0" timestamp="2025-04-03T15:50:29 IST" skipped="0">
  <testcase classname="com.proj.qa.testcases.LoginPageTest" name="loginPageTitleTest" time="4.462"/>
  <testcase classname="com.proj.qa.testcases.LoginPageTest" name="loginFunctionalityTest" time="5.223"/>
</testsuite> <!-- com.proj.qa.testcases.LoginPageTest -->
